::1 - - [01/May/2020:14:22:45 +0000] "POST /auth/signup HTTP/1.1" 200 317 "-" "PostmanRuntime/7.24.1"
::1 - - [01/May/2020:14:23:08 +0000] "POST /auth/signup HTTP/1.1" 200 317 "-" "PostmanRuntime/7.24.1"
::1 - - [01/May/2020:14:28:16 +0000] "POST /auth/signup HTTP/1.1" 200 317 "-" "PostmanRuntime/7.24.1"
::1 - - [01/May/2020:14:29:16 +0000] "POST /auth/signup HTTP/1.1" 200 317 "-" "PostmanRuntime/7.24.1"
::1 - - [01/May/2020:21:37:04 +0000] "GET / HTTP/1.1" 304 - "-" "Mozilla/5.0 (X11; Linux x86_64) AppleWebKit/537.36 (KHTML, like Gecko) Chrome/81.0.4044.129 Safari/537.36"
::1 - - [01/May/2020:21:37:08 +0000] "GET /db/cards HTTP/1.1" 200 1581 "-" "Mozilla/5.0 (X11; Linux x86_64) AppleWebKit/537.36 (KHTML, like Gecko) Chrome/81.0.4044.129 Safari/537.36"
::1 - - [01/May/2020:21:37:08 +0000] "GET /favicon.ico HTTP/1.1" 404 150 "http://localhost:3001/db/cards" "Mozilla/5.0 (X11; Linux x86_64) AppleWebKit/537.36 (KHTML, like Gecko) Chrome/81.0.4044.129 Safari/537.36"
::1 - - [01/May/2020:21:37:20 +0000] "GET /db/users HTTP/1.1" 200 18035 "-" "Mozilla/5.0 (X11; Linux x86_64) AppleWebKit/537.36 (KHTML, like Gecko) Chrome/81.0.4044.129 Safari/537.36"
::1 - - [01/May/2020:21:40:59 +0000] "GET /db/users HTTP/1.1" 304 - "-" "Mozilla/5.0 (X11; Linux x86_64) AppleWebKit/537.36 (KHTML, like Gecko) Chrome/81.0.4044.129 Safari/537.36"
::1 - - [01/May/2020:21:41:49 +0000] "GET /db/cards HTTP/1.1" 304 - "-" "Mozilla/5.0 (X11; Linux x86_64) AppleWebKit/537.36 (KHTML, like Gecko) Chrome/81.0.4044.129 Safari/537.36"
::1 - - [01/May/2020:21:42:07 +0000] "GET /db/cards HTTP/1.1" 200 3411 "-" "Mozilla/5.0 (X11; Linux x86_64) AppleWebKit/537.36 (KHTML, like Gecko) Chrome/81.0.4044.129 Safari/537.36"
::1 - - [01/May/2020:21:42:22 +0000] "GET /db/cards HTTP/1.1" 304 - "-" "Mozilla/5.0 (X11; Linux x86_64) AppleWebKit/537.36 (KHTML, like Gecko) Chrome/81.0.4044.129 Safari/537.36"
::1 - - [01/May/2020:21:42:26 +0000] "GET /db/users HTTP/1.1" 200 24274 "-" "Mozilla/5.0 (X11; Linux x86_64) AppleWebKit/537.36 (KHTML, like Gecko) Chrome/81.0.4044.129 Safari/537.36"
::1 - - [01/May/2020:21:58:59 +0000] "GET / HTTP/1.1" 304 - "-" "Mozilla/5.0 (X11; Linux x86_64) AppleWebKit/537.36 (KHTML, like Gecko) Chrome/81.0.4044.129 Safari/537.36"
::1 - - [01/May/2020:21:59:09 +0000] "GET /session HTTP/1.1" 200 - "-" "Mozilla/5.0 (X11; Linux x86_64) AppleWebKit/537.36 (KHTML, like Gecko) Chrome/81.0.4044.129 Safari/537.36"
::1 - - [01/May/2020:22:00:11 +0000] "GET /robots.txt HTTP/1.1" 404 149 "-" "Mozilla/5.0 (X11; Linux x86_64) AppleWebKit/537.36 (KHTML, like Gecko) Chrome/81.0.4044.129 Safari/537.36"
::1 - - [01/May/2020:22:00:12 +0000] "GET / HTTP/1.1" 200 1780 "-" "Mozilla/5.0 (X11; Linux x86_64) AppleWebKit/537.36 (KHTML, like Gecko) Chrome/81.0.4044.129 Safari/537.36"
::1 - - [01/May/2020:22:00:14 +0000] "GET /favicon.ico HTTP/1.1" 404 150 "http://localhost:3002/" "Mozilla/5.0 (X11; Linux x86_64) AppleWebKit/537.36 (KHTML, like Gecko) Chrome/81.0.4044.129 Safari/537.36"
::1 - - [01/May/2020:22:00:17 +0000] "GET /session HTTP/1.1" 200 - "-" "Mozilla/5.0 (X11; Linux x86_64) AppleWebKit/537.36 (KHTML, like Gecko) Chrome/81.0.4044.129 Safari/537.36"
::1 - - [01/May/2020:22:00:32 +0000] "GET / HTTP/1.1" 304 - "-" "Mozilla/5.0 (X11; Linux x86_64) AppleWebKit/537.36 (KHTML, like Gecko) Chrome/81.0.4044.129 Safari/537.36"
::1 - - [01/May/2020:22:01:10 +0000] "GET /robots.txt HTTP/1.1" 404 149 "-" "Mozilla/5.0 (X11; Linux x86_64) AppleWebKit/537.36 (KHTML, like Gecko) Chrome/81.0.4044.129 Safari/537.36"
::1 - - [01/May/2020:22:01:10 +0000] "GET /session HTTP/1.1" 200 439 "-" "Mozilla/5.0 (X11; Linux x86_64) AppleWebKit/537.36 (KHTML, like Gecko) Chrome/81.0.4044.129 Safari/537.36"
::1 - - [01/May/2020:22:01:11 +0000] "GET /favicon.ico HTTP/1.1" 404 150 "http://localhost:3003/session" "Mozilla/5.0 (X11; Linux x86_64) AppleWebKit/537.36 (KHTML, like Gecko) Chrome/81.0.4044.129 Safari/537.36"
::1 - - [02/May/2020:11:19:56 +0000] "GET / HTTP/1.1" 304 - "-" "Mozilla/5.0 (X11; Linux x86_64) AppleWebKit/537.36 (KHTML, like Gecko) Chrome/81.0.4044.129 Safari/537.36"
::1 - - [02/May/2020:11:19:58 +0000] "GET /favicon.ico HTTP/1.1" 404 150 "http://localhost:3001/" "Mozilla/5.0 (X11; Linux x86_64) AppleWebKit/537.36 (KHTML, like Gecko) Chrome/81.0.4044.129 Safari/537.36"
::1 - - [02/May/2020:11:20:36 +0000] "GET / HTTP/1.1" 200 1815 "-" "Mozilla/5.0 (X11; Linux x86_64) AppleWebKit/537.36 (KHTML, like Gecko) Chrome/81.0.4044.129 Safari/537.36"
::1 - - [02/May/2020:11:20:54 +0000] "GET / HTTP/1.1" 200 1810 "-" "Mozilla/5.0 (X11; Linux x86_64) AppleWebKit/537.36 (KHTML, like Gecko) Chrome/81.0.4044.129 Safari/537.36"
::1 - - [02/May/2020:11:21:02 +0000] "GET / HTTP/1.1" 200 1810 "-" "Mozilla/5.0 (X11; Linux x86_64) AppleWebKit/537.36 (KHTML, like Gecko) Chrome/81.0.4044.129 Safari/537.36"
::1 - - [02/May/2020:11:21:08 +0000] "GET / HTTP/1.1" 200 1809 "-" "Mozilla/5.0 (X11; Linux x86_64) AppleWebKit/537.36 (KHTML, like Gecko) Chrome/81.0.4044.129 Safari/537.36"
::1 - - [02/May/2020:11:21:15 +0000] "GET / HTTP/1.1" 200 1813 "-" "Mozilla/5.0 (X11; Linux x86_64) AppleWebKit/537.36 (KHTML, like Gecko) Chrome/81.0.4044.129 Safari/537.36"
::1 - - [02/May/2020:11:27:07 +0000] "GET /createLobby HTTP/1.1" 200 1632 "http://localhost:3001/" "Mozilla/5.0 (X11; Linux x86_64) AppleWebKit/537.36 (KHTML, like Gecko) Chrome/81.0.4044.129 Safari/537.36"
::1 - - [02/May/2020:11:27:17 +0000] "POST /createLobby HTTP/1.1" 302 112 "http://localhost:3001/createLobby" "Mozilla/5.0 (X11; Linux x86_64) AppleWebKit/537.36 (KHTML, like Gecko) Chrome/81.0.4044.129 Safari/537.36"
::1 - - [02/May/2020:11:27:17 +0000] "GET /lobby?id=5ead59157e4c791238cc39b6 HTTP/1.1" 404 144 "http://localhost:3001/createLobby" "Mozilla/5.0 (X11; Linux x86_64) AppleWebKit/537.36 (KHTML, like Gecko) Chrome/81.0.4044.129 Safari/537.36"
::1 - - [02/May/2020:11:32:54 +0000] "GET /createLobby HTTP/1.1" 200 1632 "http://localhost:3001/" "Mozilla/5.0 (X11; Linux x86_64) AppleWebKit/537.36 (KHTML, like Gecko) Chrome/81.0.4044.129 Safari/537.36"
::1 - - [02/May/2020:11:32:59 +0000] "POST /createLobby HTTP/1.1" 200 4139 "http://localhost:3001/createLobby" "Mozilla/5.0 (X11; Linux x86_64) AppleWebKit/537.36 (KHTML, like Gecko) Chrome/81.0.4044.129 Safari/537.36"
::1 - - [02/May/2020:11:33:16 +0000] "POST /createLobby HTTP/1.1" 200 4139 "http://localhost:3001/createLobby" "Mozilla/5.0 (X11; Linux x86_64) AppleWebKit/537.36 (KHTML, like Gecko) Chrome/81.0.4044.129 Safari/537.36"
::1 - - [02/May/2020:11:33:22 +0000] "GET / HTTP/1.1" 304 - "-" "Mozilla/5.0 (X11; Linux x86_64) AppleWebKit/537.36 (KHTML, like Gecko) Chrome/81.0.4044.129 Safari/537.36"
::1 - - [02/May/2020:11:35:06 +0000] "GET /lobby HTTP/1.1" 404 144 "-" "Mozilla/5.0 (X11; Linux x86_64) AppleWebKit/537.36 (KHTML, like Gecko) Chrome/81.0.4044.129 Safari/537.36"
::1 - - [02/May/2020:11:35:11 +0000] "GET /createLobby HTTP/1.1" 200 1632 "-" "Mozilla/5.0 (X11; Linux x86_64) AppleWebKit/537.36 (KHTML, like Gecko) Chrome/81.0.4044.129 Safari/537.36"
::1 - - [02/May/2020:11:38:21 +0000] "GET /createLobby HTTP/1.1" 304 - "-" "Mozilla/5.0 (X11; Linux x86_64) AppleWebKit/537.36 (KHTML, like Gecko) Chrome/81.0.4044.129 Safari/537.36"
::1 - - [02/May/2020:11:38:30 +0000] "POST /createLobby HTTP/1.1" 302 106 "http://localhost:3001/createLobby" "Mozilla/5.0 (X11; Linux x86_64) AppleWebKit/537.36 (KHTML, like Gecko) Chrome/81.0.4044.129 Safari/537.36"
::1 - - [02/May/2020:11:38:31 +0000] "GET /lobby/5ead5bb6f1437214cc14f5c3 HTTP/1.1" 500 1976 "http://localhost:3001/createLobby" "Mozilla/5.0 (X11; Linux x86_64) AppleWebKit/537.36 (KHTML, like Gecko) Chrome/81.0.4044.129 Safari/537.36"
::1 - - [02/May/2020:11:38:55 +0000] "GET /lobby/5ead5bb6f1437214cc14f5c3 HTTP/1.1" 200 4250 "http://localhost:3001/createLobby" "Mozilla/5.0 (X11; Linux x86_64) AppleWebKit/537.36 (KHTML, like Gecko) Chrome/81.0.4044.129 Safari/537.36"
::1 - - [02/May/2020:11:47:51 +0000] "GET /lobby/5ead5bb6f1437214cc14f5c3 HTTP/1.1" 500 2067 "http://localhost:3001/createLobby" "Mozilla/5.0 (X11; Linux x86_64) AppleWebKit/537.36 (KHTML, like Gecko) Chrome/81.0.4044.129 Safari/537.36"
::1 - - [02/May/2020:11:48:25 +0000] "GET /lobby/5ead5bb6f1437214cc14f5c3 HTTP/1.1" 200 1137 "http://localhost:3001/createLobby" "Mozilla/5.0 (X11; Linux x86_64) AppleWebKit/537.36 (KHTML, like Gecko) Chrome/81.0.4044.129 Safari/537.36"
::1 - - [02/May/2020:11:48:25 +0000] "GET /lobby/js/client.js HTTP/1.1" 404 157 "http://localhost:3001/lobby/5ead5bb6f1437214cc14f5c3" "Mozilla/5.0 (X11; Linux x86_64) AppleWebKit/537.36 (KHTML, like Gecko) Chrome/81.0.4044.129 Safari/537.36"
::1 - - [02/May/2020:11:48:31 +0000] "GET /lobby/game/5ead5bb6f1437214cc14f5c3 HTTP/1.1" 200 4250 "-" "Mozilla/5.0 (X11; Linux x86_64) AppleWebKit/537.36 (KHTML, like Gecko) Chrome/81.0.4044.129 Safari/537.36"
::1 - - [02/May/2020:11:48:33 +0000] "GET /lobby/js/client.js HTTP/1.1" 404 157 "http://localhost:3001/lobby/5ead5bb6f1437214cc14f5c3" "Mozilla/5.0 (X11; Linux x86_64) AppleWebKit/537.36 (KHTML, like Gecko) Chrome/81.0.4044.129 Safari/537.36"
::1 - - [02/May/2020:11:58:44 +0000] "GET /lobby/5ead5bb6f1437214cc14f5c3 HTTP/1.1" 304 - "-" "Mozilla/5.0 (X11; Linux x86_64) AppleWebKit/537.36 (KHTML, like Gecko) Chrome/81.0.4044.129 Safari/537.36"
::1 - - [02/May/2020:11:58:44 +0000] "GET /lobby/js/client.js HTTP/1.1" 404 157 "http://localhost:3001/lobby/5ead5bb6f1437214cc14f5c3" "Mozilla/5.0 (X11; Linux x86_64) AppleWebKit/537.36 (KHTML, like Gecko) Chrome/81.0.4044.129 Safari/537.36"
::1 - - [02/May/2020:12:16:12 +0000] "GET /createLobby HTTP/1.1" 200 1544 "-" "Mozilla/5.0 (X11; Linux x86_64) AppleWebKit/537.36 (KHTML, like Gecko) Chrome/81.0.4044.129 Safari/537.36"
::1 - - [02/May/2020:12:16:16 +0000] "GET / HTTP/1.1" 200 1725 "-" "Mozilla/5.0 (X11; Linux x86_64) AppleWebKit/537.36 (KHTML, like Gecko) Chrome/81.0.4044.129 Safari/537.36"
::1 - - [02/May/2020:12:21:01 +0000] "GET /lobby/5ead5bb6f1437214cc14f5c3 HTTP/1.1" 200 1136 "-" "Mozilla/5.0 (X11; Linux x86_64) AppleWebKit/537.36 (KHTML, like Gecko) Chrome/81.0.4044.129 Safari/537.36"
::1 - - [02/May/2020:12:21:01 +0000] "GET /lobby/js/client.js HTTP/1.1" 404 157 "http://localhost:3001/lobby/5ead5bb6f1437214cc14f5c3" "Mozilla/5.0 (X11; Linux x86_64) AppleWebKit/537.36 (KHTML, like Gecko) Chrome/81.0.4044.129 Safari/537.36"
::1 - - [02/May/2020:12:21:05 +0000] "GET /lobby HTTP/1.1" 404 144 "-" "Mozilla/5.0 (X11; Linux x86_64) AppleWebKit/537.36 (KHTML, like Gecko) Chrome/81.0.4044.129 Safari/537.36"
::1 - - [02/May/2020:12:21:22 +0000] "GET /lobby/5ead5bb6f1437214cc14f5c3 HTTP/1.1" 304 - "-" "Mozilla/5.0 (X11; Linux x86_64) AppleWebKit/537.36 (KHTML, like Gecko) Chrome/81.0.4044.129 Safari/537.36"
::1 - - [02/May/2020:12:21:22 +0000] "GET /lobby/js/client.js HTTP/1.1" 404 157 "http://localhost:3001/lobby/5ead5bb6f1437214cc14f5c3" "Mozilla/5.0 (X11; Linux x86_64) AppleWebKit/537.36 (KHTML, like Gecko) Chrome/81.0.4044.129 Safari/537.36"
::1 - - [02/May/2020:12:21:57 +0000] "GET /lobby/5ead5bb6f1437214cc14f5c3 HTTP/1.1" 200 1171 "-" "Mozilla/5.0 (X11; Linux x86_64) AppleWebKit/537.36 (KHTML, like Gecko) Chrome/81.0.4044.129 Safari/537.36"
::1 - - [02/May/2020:12:21:57 +0000] "GET /lobby/js/client.js HTTP/1.1" 404 157 "http://localhost:3001/lobby/5ead5bb6f1437214cc14f5c3" "Mozilla/5.0 (X11; Linux x86_64) AppleWebKit/537.36 (KHTML, like Gecko) Chrome/81.0.4044.129 Safari/537.36"
::1 - - [02/May/2020:12:22:28 +0000] "GET /lobby/5ead5bb6f1437214cc14f5c3 HTTP/1.1" 200 1137 "-" "Mozilla/5.0 (X11; Linux x86_64) AppleWebKit/537.36 (KHTML, like Gecko) Chrome/81.0.4044.129 Safari/537.36"
::1 - - [02/May/2020:12:26:27 +0000] "GET /lobby/5ead5bb6f1437214cc14f5c3 HTTP/1.1" 304 - "-" "Mozilla/5.0 (X11; Linux x86_64) AppleWebKit/537.36 (KHTML, like Gecko) Chrome/81.0.4044.129 Safari/537.36"
::1 - - [02/May/2020:12:26:44 +0000] "GET /lobby/5ead5bb6f1437214cc14f5c3 HTTP/1.1" 304 - "-" "Mozilla/5.0 (X11; Linux x86_64) AppleWebKit/537.36 (KHTML, like Gecko) Chrome/81.0.4044.129 Safari/537.36"
::1 - - [02/May/2020:12:28:33 +0000] "GET /lobby/5ead5bb6f1437214cc14f5c3 HTTP/1.1" 200 1155 "-" "Mozilla/5.0 (X11; Linux x86_64) AppleWebKit/537.36 (KHTML, like Gecko) Chrome/81.0.4044.129 Safari/537.36"
::1 - - [02/May/2020:12:29:53 +0000] "GET /lobby/5ead5bb6f1437214cc14f5c3 HTTP/1.1" 304 - "-" "Mozilla/5.0 (X11; Linux x86_64) AppleWebKit/537.36 (KHTML, like Gecko) Chrome/81.0.4044.129 Safari/537.36"
::1 - - [02/May/2020:12:30:09 +0000] "GET /lobby/5ead5bb6f1437214cc14f5c3 HTTP/1.1" 304 - "-" "Mozilla/5.0 (X11; Linux x86_64) AppleWebKit/537.36 (KHTML, like Gecko) Chrome/81.0.4044.129 Safari/537.36"
::1 - - [02/May/2020:12:31:17 +0000] "GET /lobby/5ead5bb6f1437214cc14f5c3 HTTP/1.1" 304 - "-" "Mozilla/5.0 (X11; Linux x86_64) AppleWebKit/537.36 (KHTML, like Gecko) Chrome/81.0.4044.129 Safari/537.36"
::1 - - [02/May/2020:12:32:05 +0000] "GET /lobby/5ead5bb6f1437214cc14f5c3 HTTP/1.1" 304 - "-" "Mozilla/5.0 (X11; Linux x86_64) AppleWebKit/537.36 (KHTML, like Gecko) Chrome/81.0.4044.129 Safari/537.36"
::1 - - [02/May/2020:12:32:14 +0000] "GET /lobby/5ead5bb6f1437214cc14f5c3 HTTP/1.1" 304 - "-" "Mozilla/5.0 (X11; Linux x86_64) AppleWebKit/537.36 (KHTML, like Gecko) Chrome/81.0.4044.129 Safari/537.36"
::1 - - [02/May/2020:12:34:07 +0000] "GET /lobby/5ead5bb6f1437214cc14f5c3 HTTP/1.1" 304 - "-" "Mozilla/5.0 (X11; Linux x86_64) AppleWebKit/537.36 (KHTML, like Gecko) Chrome/81.0.4044.129 Safari/537.36"
::1 - - [02/May/2020:12:35:12 +0000] "GET /lobby/5ead5bb6f1437214cc14f5c3 HTTP/1.1" 304 - "-" "Mozilla/5.0 (X11; Linux x86_64) AppleWebKit/537.36 (KHTML, like Gecko) Chrome/81.0.4044.129 Safari/537.36"
::1 - - [02/May/2020:12:35:32 +0000] "GET /lobby/5ead5bb6f1437214cc14f5c3 HTTP/1.1" 304 - "-" "Mozilla/5.0 (X11; Linux x86_64) AppleWebKit/537.36 (KHTML, like Gecko) Chrome/81.0.4044.129 Safari/537.36"
::1 - - [02/May/2020:12:35:50 +0000] "GET /lobby/5ead5bb6f1437214cc14f5c3 HTTP/1.1" 304 - "-" "Mozilla/5.0 (X11; Linux x86_64) AppleWebKit/537.36 (KHTML, like Gecko) Chrome/81.0.4044.129 Safari/537.36"
::1 - - [02/May/2020:12:37:25 +0000] "GET /lobby/5ead5bb6f1437214cc14f5c3 HTTP/1.1" 304 - "-" "Mozilla/5.0 (X11; Linux x86_64) AppleWebKit/537.36 (KHTML, like Gecko) Chrome/81.0.4044.129 Safari/537.36"
::1 - - [02/May/2020:12:37:37 +0000] "GET /lobby/5ead5bb6f1437214cc14f5c3 HTTP/1.1" 304 - "-" "Mozilla/5.0 (X11; Linux x86_64) AppleWebKit/537.36 (KHTML, like Gecko) Chrome/81.0.4044.129 Safari/537.36"
::1 - - [02/May/2020:12:37:56 +0000] "GET /lobby/5ead5bb6f1437214cc14f5c3 HTTP/1.1" 304 - "-" "Mozilla/5.0 (X11; Linux x86_64) AppleWebKit/537.36 (KHTML, like Gecko) Chrome/81.0.4044.129 Safari/537.36"
::1 - - [02/May/2020:12:38:14 +0000] "GET /lobby/5ead5bb6f1437214cc14f5c3 HTTP/1.1" 304 - "-" "Mozilla/5.0 (X11; Linux x86_64) AppleWebKit/537.36 (KHTML, like Gecko) Chrome/81.0.4044.129 Safari/537.36"
::1 - - [02/May/2020:12:38:22 +0000] "GET /lobby/5ead5bb6f1437214cc14f5c3 HTTP/1.1" 304 - "-" "Mozilla/5.0 (X11; Linux x86_64) AppleWebKit/537.36 (KHTML, like Gecko) Chrome/81.0.4044.129 Safari/537.36"
::1 - - [02/May/2020:12:38:33 +0000] "GET /lobby/5ead5bb6f1437214cc14f5c3 HTTP/1.1" 304 - "-" "Mozilla/5.0 (X11; Linux x86_64) AppleWebKit/537.36 (KHTML, like Gecko) Chrome/81.0.4044.129 Safari/537.36"
::1 - - [02/May/2020:12:38:44 +0000] "GET /lobby/5ead5bb6f1437214cc14f5c3 HTTP/1.1" 304 - "-" "Mozilla/5.0 (X11; Linux x86_64) AppleWebKit/537.36 (KHTML, like Gecko) Chrome/81.0.4044.129 Safari/537.36"
::1 - - [02/May/2020:12:38:55 +0000] "GET /lobby/5ead5bb6f1437214cc14f5c3 HTTP/1.1" 304 - "-" "Mozilla/5.0 (X11; Linux x86_64) AppleWebKit/537.36 (KHTML, like Gecko) Chrome/81.0.4044.129 Safari/537.36"
::1 - - [02/May/2020:12:39:31 +0000] "GET /lobby/5ead5bb6f1437214cc14f5c3 HTTP/1.1" 304 - "-" "Mozilla/5.0 (X11; Linux x86_64) AppleWebKit/537.36 (KHTML, like Gecko) Chrome/81.0.4044.129 Safari/537.36"
::1 - - [02/May/2020:12:39:50 +0000] "GET /lobby/5ead5bb6f1437214cc14f5c3 HTTP/1.1" 304 - "-" "Mozilla/5.0 (X11; Linux x86_64) AppleWebKit/537.36 (KHTML, like Gecko) Chrome/81.0.4044.129 Safari/537.36"
::1 - - [02/May/2020:12:40:06 +0000] "GET /lobby/5ead5bb6f1437214cc14f5c3 HTTP/1.1" 304 - "-" "Mozilla/5.0 (X11; Linux x86_64) AppleWebKit/537.36 (KHTML, like Gecko) Chrome/81.0.4044.129 Safari/537.36"
::1 - - [02/May/2020:12:40:20 +0000] "GET /lobby/5ead5bb6f1437214cc14f5c3 HTTP/1.1" 304 - "-" "Mozilla/5.0 (X11; Linux x86_64) AppleWebKit/537.36 (KHTML, like Gecko) Chrome/81.0.4044.129 Safari/537.36"
::1 - - [02/May/2020:12:40:31 +0000] "GET /lobby/5ead5bb6f1437214cc14f5c3 HTTP/1.1" 304 - "-" "Mozilla/5.0 (X11; Linux x86_64) AppleWebKit/537.36 (KHTML, like Gecko) Chrome/81.0.4044.129 Safari/537.36"
::1 - - [02/May/2020:12:40:48 +0000] "GET /lobby/5ead5bb6f1437214cc14f5c3 HTTP/1.1" 304 - "-" "Mozilla/5.0 (X11; Linux x86_64) AppleWebKit/537.36 (KHTML, like Gecko) Chrome/81.0.4044.129 Safari/537.36"
::1 - - [02/May/2020:12:40:58 +0000] "GET /lobby/5ead5bb6f1437214cc14f5c3 HTTP/1.1" 304 - "-" "Mozilla/5.0 (X11; Linux x86_64) AppleWebKit/537.36 (KHTML, like Gecko) Chrome/81.0.4044.129 Safari/537.36"
::1 - - [02/May/2020:13:33:40 +0000] "GET /createLobby HTTP/1.1" 304 - "http://localhost:3001/" "Mozilla/5.0 (X11; Linux x86_64) AppleWebKit/537.36 (KHTML, like Gecko) Chrome/81.0.4044.129 Safari/537.36"
::1 - - [02/May/2020:13:33:51 +0000] "POST /createLobby HTTP/1.1" 302 106 "http://localhost:3001/createLobby" "Mozilla/5.0 (X11; Linux x86_64) AppleWebKit/537.36 (KHTML, like Gecko) Chrome/81.0.4044.129 Safari/537.36"
::1 - - [02/May/2020:13:33:51 +0000] "GET /lobby/5ead76be7b053c36a1dbb81b HTTP/1.1" 200 1155 "http://localhost:3001/createLobby" "Mozilla/5.0 (X11; Linux x86_64) AppleWebKit/537.36 (KHTML, like Gecko) Chrome/81.0.4044.129 Safari/537.36"
::1 - - [02/May/2020:13:57:58 +0000] "GET / HTTP/1.1" 304 - "-" "Mozilla/5.0 (X11; Linux x86_64) AppleWebKit/537.36 (KHTML, like Gecko) Chrome/81.0.4044.129 Safari/537.36"
::1 - - [02/May/2020:14:06:23 +0000] "GET / HTTP/1.1" 200 1808 "-" "Mozilla/5.0 (X11; Linux x86_64) AppleWebKit/537.36 (KHTML, like Gecko) Chrome/81.0.4044.129 Safari/537.36"
::1 - - [02/May/2020:14:06:25 +0000] "GET /solo/createLobby HTTP/1.1" 404 155 "http://localhost:3001/" "Mozilla/5.0 (X11; Linux x86_64) AppleWebKit/537.36 (KHTML, like Gecko) Chrome/81.0.4044.129 Safari/537.36"
::1 - - [02/May/2020:14:07:27 +0000] "GET / HTTP/1.1" 304 - "-" "Mozilla/5.0 (X11; Linux x86_64) AppleWebKit/537.36 (KHTML, like Gecko) Chrome/81.0.4044.129 Safari/537.36"
::1 - - [02/May/2020:14:07:29 +0000] "GET /solo/createLobby HTTP/1.1" 200 1549 "http://localhost:3001/" "Mozilla/5.0 (X11; Linux x86_64) AppleWebKit/537.36 (KHTML, like Gecko) Chrome/81.0.4044.129 Safari/537.36"
::1 - - [02/May/2020:14:07:37 +0000] "POST /solo/createLobby HTTP/1.1" 200 86 "http://localhost:3001/solo/createLobby" "Mozilla/5.0 (X11; Linux x86_64) AppleWebKit/537.36 (KHTML, like Gecko) Chrome/81.0.4044.129 Safari/537.36"
::1 - - [02/May/2020:14:07:59 +0000] "POST /solo/createLobby HTTP/1.1" 200 4186 "http://localhost:3001/solo/createLobby" "Mozilla/5.0 (X11; Linux x86_64) AppleWebKit/537.36 (KHTML, like Gecko) Chrome/81.0.4044.129 Safari/537.36"
::1 - - [02/May/2020:14:08:16 +0000] "POST /solo/createLobby HTTP/1.1" 200 7580 "http://localhost:3001/solo/createLobby" "Mozilla/5.0 (X11; Linux x86_64) AppleWebKit/537.36 (KHTML, like Gecko) Chrome/81.0.4044.129 Safari/537.36"
::1 - - [02/May/2020:14:10:00 +0000] "POST /solo/createLobby HTTP/1.1" 200 7580 "http://localhost:3001/solo/createLobby" "Mozilla/5.0 (X11; Linux x86_64) AppleWebKit/537.36 (KHTML, like Gecko) Chrome/81.0.4044.129 Safari/537.36"
::1 - - [02/May/2020:14:13:15 +0000] "POST /solo/createLobby HTTP/1.1" 200 5135 "http://localhost:3001/solo/createLobby" "Mozilla/5.0 (X11; Linux x86_64) AppleWebKit/537.36 (KHTML, like Gecko) Chrome/81.0.4044.129 Safari/537.36"
::1 - - [02/May/2020:14:18:30 +0000] "POST /solo/createLobby HTTP/1.1" 200 4171 "http://localhost:3001/solo/createLobby" "Mozilla/5.0 (X11; Linux x86_64) AppleWebKit/537.36 (KHTML, like Gecko) Chrome/81.0.4044.129 Safari/537.36"
::1 - - [02/May/2020:14:18:47 +0000] "POST /solo/createLobby HTTP/1.1" 200 4171 "http://localhost:3001/solo/createLobby" "Mozilla/5.0 (X11; Linux x86_64) AppleWebKit/537.36 (KHTML, like Gecko) Chrome/81.0.4044.129 Safari/537.36"
::1 - - [02/May/2020:14:18:50 +0000] "POST /solo/createLobby HTTP/1.1" 200 4171 "http://localhost:3001/solo/createLobby" "Mozilla/5.0 (X11; Linux x86_64) AppleWebKit/537.36 (KHTML, like Gecko) Chrome/81.0.4044.129 Safari/537.36"
::1 - - [02/May/2020:14:18:53 +0000] "POST /solo/createLobby HTTP/1.1" 200 4171 "http://localhost:3001/solo/createLobby" "Mozilla/5.0 (X11; Linux x86_64) AppleWebKit/537.36 (KHTML, like Gecko) Chrome/81.0.4044.129 Safari/537.36"
::1 - - [02/May/2020:14:23:42 +0000] "POST /solo/createLobby HTTP/1.1" 200 76 "http://localhost:3001/solo/createLobby" "Mozilla/5.0 (X11; Linux x86_64) AppleWebKit/537.36 (KHTML, like Gecko) Chrome/81.0.4044.129 Safari/537.36"
::1 - - [02/May/2020:14:23:55 +0000] "POST /solo/createLobby HTTP/1.1" 200 80 "http://localhost:3001/solo/createLobby" "Mozilla/5.0 (X11; Linux x86_64) AppleWebKit/537.36 (KHTML, like Gecko) Chrome/81.0.4044.129 Safari/537.36"
::1 - - [02/May/2020:14:24:22 +0000] "POST /solo/createLobby HTTP/1.1" 200 77 "http://localhost:3001/solo/createLobby" "Mozilla/5.0 (X11; Linux x86_64) AppleWebKit/537.36 (KHTML, like Gecko) Chrome/81.0.4044.129 Safari/537.36"
::1 - - [02/May/2020:14:24:37 +0000] "POST /solo/createLobby HTTP/1.1" 200 76 "http://localhost:3001/solo/createLobby" "Mozilla/5.0 (X11; Linux x86_64) AppleWebKit/537.36 (KHTML, like Gecko) Chrome/81.0.4044.129 Safari/537.36"
::1 - - [02/May/2020:14:25:42 +0000] "POST /solo/createLobby HTTP/1.1" 200 80 "http://localhost:3001/solo/createLobby" "Mozilla/5.0 (X11; Linux x86_64) AppleWebKit/537.36 (KHTML, like Gecko) Chrome/81.0.4044.129 Safari/537.36"
::1 - - [02/May/2020:14:27:18 +0000] "POST /solo/createLobby HTTP/1.1" 200 4460 "http://localhost:3001/solo/createLobby" "Mozilla/5.0 (X11; Linux x86_64) AppleWebKit/537.36 (KHTML, like Gecko) Chrome/81.0.4044.129 Safari/537.36"
::1 - - [02/May/2020:14:28:18 +0000] "POST /solo/createLobby HTTP/1.1" 200 5676 "http://localhost:3001/solo/createLobby" "Mozilla/5.0 (X11; Linux x86_64) AppleWebKit/537.36 (KHTML, like Gecko) Chrome/81.0.4044.129 Safari/537.36"
::1 - - [02/May/2020:14:59:47 +0000] "GET /solo/createLobby HTTP/1.1" 200 1549 "http://localhost:3001/" "Mozilla/5.0 (X11; Linux x86_64) AppleWebKit/537.36 (KHTML, like Gecko) Chrome/81.0.4044.129 Safari/537.36"
::1 - - [02/May/2020:14:59:50 +0000] "GET / HTTP/1.1" 304 - "-" "Mozilla/5.0 (X11; Linux x86_64) AppleWebKit/537.36 (KHTML, like Gecko) Chrome/81.0.4044.129 Safari/537.36"
::1 - - [02/May/2020:14:59:52 +0000] "GET /createLobby HTTP/1.1" 200 1544 "http://localhost:3001/" "Mozilla/5.0 (X11; Linux x86_64) AppleWebKit/537.36 (KHTML, like Gecko) Chrome/81.0.4044.129 Safari/537.36"
::1 - - [02/May/2020:15:00:01 +0000] "POST /createLobby HTTP/1.1" 200 5152 "http://localhost:3001/createLobby" "Mozilla/5.0 (X11; Linux x86_64) AppleWebKit/537.36 (KHTML, like Gecko) Chrome/81.0.4044.129 Safari/537.36"
::1 - - [02/May/2020:15:00:12 +0000] "GET /createLobby HTTP/1.1" 200 1544 "http://localhost:3001/" "Mozilla/5.0 (X11; Linux x86_64) AppleWebKit/537.36 (KHTML, like Gecko) Chrome/81.0.4044.129 Safari/537.36"
::1 - - [02/May/2020:15:00:15 +0000] "GET /auth/google HTTP/1.1" 302 0 "http://localhost:3001/" "Mozilla/5.0 (X11; Linux x86_64) AppleWebKit/537.36 (KHTML, like Gecko) Chrome/81.0.4044.129 Safari/537.36"
::1 - - [02/May/2020:15:00:19 +0000] "GET /auth/google/callback?code=4%2FzQGA0cNJTAElxbBdS1GUsWLw7hbteX4s2YQ6F8jkLOsv-8VGg-HPzj6L8XvJcpWH5-baBoV45sbuTv5Cj12O5X4&scope=email+profile+https%3A%2F%2Fwww.googleapis.com%2Fauth%2Fuserinfo.profile+https%3A%2F%2Fwww.googleapis.com%2Fauth%2Fuserinfo.email+openid&authuser=0&prompt=consent HTTP/1.1" 302 46 "-" "Mozilla/5.0 (X11; Linux x86_64) AppleWebKit/537.36 (KHTML, like Gecko) Chrome/81.0.4044.129 Safari/537.36"
::1 - - [02/May/2020:15:00:20 +0000] "GET / HTTP/1.1" 304 - "-" "Mozilla/5.0 (X11; Linux x86_64) AppleWebKit/537.36 (KHTML, like Gecko) Chrome/81.0.4044.129 Safari/537.36"
::1 - - [02/May/2020:15:00:22 +0000] "GET /createLobby HTTP/1.1" 304 - "http://localhost:3001/" "Mozilla/5.0 (X11; Linux x86_64) AppleWebKit/537.36 (KHTML, like Gecko) Chrome/81.0.4044.129 Safari/537.36"
::1 - - [02/May/2020:15:00:31 +0000] "POST /createLobby HTTP/1.1" 200 5152 "http://localhost:3001/createLobby" "Mozilla/5.0 (X11; Linux x86_64) AppleWebKit/537.36 (KHTML, like Gecko) Chrome/81.0.4044.129 Safari/537.36"
::1 - - [02/May/2020:15:00:59 +0000] "GET /createLobby HTTP/1.1" 200 1544 "http://localhost:3001/" "Mozilla/5.0 (X11; Linux x86_64) AppleWebKit/537.36 (KHTML, like Gecko) Chrome/81.0.4044.129 Safari/537.36"
::1 - - [02/May/2020:15:01:01 +0000] "POST /createLobby HTTP/1.1" 200 5675 "http://localhost:3001/createLobby" "Mozilla/5.0 (X11; Linux x86_64) AppleWebKit/537.36 (KHTML, like Gecko) Chrome/81.0.4044.129 Safari/537.36"
::1 - - [02/May/2020:15:01:08 +0000] "GET /createLobby HTTP/1.1" 200 1544 "http://localhost:3001/" "Mozilla/5.0 (X11; Linux x86_64) AppleWebKit/537.36 (KHTML, like Gecko) Chrome/81.0.4044.129 Safari/537.36"
::1 - - [02/May/2020:15:01:11 +0000] "GET /joinLobby HTTP/1.1" 200 1414 "http://localhost:3001/" "Mozilla/5.0 (X11; Linux x86_64) AppleWebKit/537.36 (KHTML, like Gecko) Chrome/81.0.4044.129 Safari/537.36"
::1 - - [02/May/2020:15:01:14 +0000] "POST /joinLobby HTTP/1.1" 200 5687 "http://localhost:3001/joinLobby" "Mozilla/5.0 (X11; Linux x86_64) AppleWebKit/537.36 (KHTML, like Gecko) Chrome/81.0.4044.129 Safari/537.36"
::1 - - [02/May/2020:15:01:56 +0000] "GET /joinLobby HTTP/1.1" 200 1414 "http://localhost:3001/" "Mozilla/5.0 (X11; Linux x86_64) AppleWebKit/537.36 (KHTML, like Gecko) Chrome/81.0.4044.129 Safari/537.36"
::1 - - [02/May/2020:15:01:58 +0000] "GET /auth/logout? HTTP/1.1" 302 46 "http://localhost:3001/" "Mozilla/5.0 (X11; Linux x86_64) AppleWebKit/537.36 (KHTML, like Gecko) Chrome/81.0.4044.129 Safari/537.36"
::1 - - [02/May/2020:15:01:59 +0000] "GET / HTTP/1.1" 304 - "http://localhost:3001/" "Mozilla/5.0 (X11; Linux x86_64) AppleWebKit/537.36 (KHTML, like Gecko) Chrome/81.0.4044.129 Safari/537.36"
::1 - - [02/May/2020:15:02:00 +0000] "GET /auth/signup HTTP/1.1" 200 2100 "http://localhost:3001/" "Mozilla/5.0 (X11; Linux x86_64) AppleWebKit/537.36 (KHTML, like Gecko) Chrome/81.0.4044.129 Safari/537.36"
::1 - - [02/May/2020:15:02:04 +0000] "GET /auth/login HTTP/1.1" 200 1596 "http://localhost:3001/" "Mozilla/5.0 (X11; Linux x86_64) AppleWebKit/537.36 (KHTML, like Gecko) Chrome/81.0.4044.129 Safari/537.36"
::1 - - [02/May/2020:15:02:11 +0000] "POST /auth/login HTTP/1.1" 200 36 "http://localhost:3001/auth/login" "Mozilla/5.0 (X11; Linux x86_64) AppleWebKit/537.36 (KHTML, like Gecko) Chrome/81.0.4044.129 Safari/537.36"
::1 - - [02/May/2020:15:02:14 +0000] "GET /auth/login HTTP/1.1" 200 1596 "http://localhost:3001/" "Mozilla/5.0 (X11; Linux x86_64) AppleWebKit/537.36 (KHTML, like Gecko) Chrome/81.0.4044.129 Safari/537.36"
::1 - - [02/May/2020:15:02:19 +0000] "POST /auth/login HTTP/1.1" 200 36 "http://localhost:3001/auth/login" "Mozilla/5.0 (X11; Linux x86_64) AppleWebKit/537.36 (KHTML, like Gecko) Chrome/81.0.4044.129 Safari/537.36"
::1 - - [02/May/2020:15:02:23 +0000] "GET /auth/login HTTP/1.1" 200 1596 "http://localhost:3001/" "Mozilla/5.0 (X11; Linux x86_64) AppleWebKit/537.36 (KHTML, like Gecko) Chrome/81.0.4044.129 Safari/537.36"
::1 - - [02/May/2020:15:02:29 +0000] "POST /auth/login HTTP/1.1" 200 313 "http://localhost:3001/auth/login" "Mozilla/5.0 (X11; Linux x86_64) AppleWebKit/537.36 (KHTML, like Gecko) Chrome/81.0.4044.129 Safari/537.36"
::1 - - [02/May/2020:15:02:31 +0000] "GET /auth/login HTTP/1.1" 200 1596 "http://localhost:3001/" "Mozilla/5.0 (X11; Linux x86_64) AppleWebKit/537.36 (KHTML, like Gecko) Chrome/81.0.4044.129 Safari/537.36"
::1 - - [02/May/2020:15:02:36 +0000] "GET /joinLobby HTTP/1.1" 304 - "http://localhost:3001/" "Mozilla/5.0 (X11; Linux x86_64) AppleWebKit/537.36 (KHTML, like Gecko) Chrome/81.0.4044.129 Safari/537.36"
::1 - - [02/May/2020:15:02:39 +0000] "POST /joinLobby HTTP/1.1" 200 6036 "http://localhost:3001/joinLobby" "Mozilla/5.0 (X11; Linux x86_64) AppleWebKit/537.36 (KHTML, like Gecko) Chrome/81.0.4044.129 Safari/537.36"
::1 - - [05/May/2020:17:49:56 +0000] "GET / HTTP/1.1" 200 1808 "-" "Mozilla/5.0 (X11; Linux x86_64) AppleWebKit/537.36 (KHTML, like Gecko) Chrome/81.0.4044.129 Safari/537.36"
::1 - - [05/May/2020:17:49:58 +0000] "GET /auth/login HTTP/1.1" 200 1596 "http://localhost:3001/" "Mozilla/5.0 (X11; Linux x86_64) AppleWebKit/537.36 (KHTML, like Gecko) Chrome/81.0.4044.129 Safari/537.36"
::1 - - [05/May/2020:17:50:24 +0000] "POST /auth/login HTTP/1.1" 200 568 "http://localhost:3001/auth/login" "Mozilla/5.0 (X11; Linux x86_64) AppleWebKit/537.36 (KHTML, like Gecko) Chrome/81.0.4044.129 Safari/537.36"
